[debug] [2026-04-14T15:34:00.820Z] [Firebase Plugin] Activating Firebase extension.
[debug] [2026-04-14T15:34:03.564Z] [Firebase Plugin] requireAuthWrapper
[debug] [2026-04-14T15:34:03.570Z] > command requires scopes: ["email","openid","https://www.googleapis.com/auth/cloudplatformprojects.readonly","https://www.googleapis.com/auth/firebase","https://www.googleapis.com/auth/cloud-platform"]
[debug] [2026-04-14T15:34:03.572Z] > authorizing via signed-in user (ruahn49@gmail.com)
[debug] [2026-04-14T15:34:03.582Z] Checked if tokens are valid: true, expires at: 1776184247194
[debug] [2026-04-14T15:34:03.583Z] Checked if tokens are valid: true, expires at: 1776184247194
[debug] [2026-04-14T15:34:03.584Z] [Firebase Plugin] User found:  ruahn49@gmail.com
[info] [Firebase Plugin] (Core:Project) New user detected, fetching projects
[debug] [2026-04-14T15:34:03.589Z] Checked if tokens are valid: true, expires at: 1776184247194
[debug] [2026-04-14T15:34:03.595Z] >>> [apiv2][query] GET https://firebase.googleapis.com/v1beta1/projects pageSize=1000
[debug] [2026-04-14T15:34:03.629Z] [Firebase Plugin] VSCode notification server listening on port 40001
[info] [Firebase Plugin] Starting Data Connect toolkit (version 3.3.1) on port 50001
[debug] [2026-04-14T15:34:05.042Z] I0415 00:34:04.934198   20304 control.go:100] [projects/emulator/locations/emulator/services/k-spirits-club-hub 85ae] UpdateResources(): done
Main schema: sources: schema\schema.gql [1992B] 
Connector "example": sources: example\mutations.gql [1243B] example\queries.gql [1801B] 
 {"metadata":{"emulator":{"name":"dataconnect"},"message":"I0415 00:34:04.934198   20304 control.go:100] [projects/emulator/locations/emulator/services/k-spirits-club-hub 85ae] UpdateResources(): done\nMain schema: sources: schema\\schema.gql [1992B] \nConnector \"example\": sources: example\\mutations.gql [1243B] example\\queries.gql [1801B] \n"}}
[debug] [2026-04-14T15:34:05.044Z] Ignoring unsupported arg: auto_download {"metadata":{"emulator":{"name":"dataconnect"},"message":"Ignoring unsupported arg: auto_download"}}
[debug] [2026-04-14T15:34:05.045Z] Ignoring unsupported arg: port {"metadata":{"emulator":{"name":"dataconnect"},"message":"Ignoring unsupported arg: port"}}
[debug] [2026-04-14T15:34:05.046Z] Starting Data Connect Emulator with command {"binary":"C:\\Users\\CHOI JUN YEONG\\.cache\\firebase\\emulators\\dataconnect-emulator-3.3.1.exe","args":["--logtostderr","-v=2","dev","--listen=localhost:50001","--config_dir=c:\\k-spirits-club-hub\\dataconnect","--enable_output_schema_extensions=true","--enable_output_generated_sdk=true"],"optionalArgs":["listen","config_dir","enable_output_schema_extensions","enable_output_generated_sdk"],"joinArgs":true,"shell":false,"port":9399} {"metadata":{"emulator":{"name":"dataconnect"},"message":"Starting Data Connect Emulator with command {\"binary\":\"C:\\\\Users\\\\CHOI JUN YEONG\\\\.cache\\\\firebase\\\\emulators\\\\dataconnect-emulator-3.3.1.exe\",\"args\":[\"--logtostderr\",\"-v=2\",\"dev\",\"--listen=localhost:50001\",\"--config_dir=c:\\\\k-spirits-club-hub\\\\dataconnect\",\"--enable_output_schema_extensions=true\",\"--enable_output_generated_sdk=true\"],\"optionalArgs\":[\"listen\",\"config_dir\",\"enable_output_schema_extensions\",\"enable_output_generated_sdk\"],\"joinArgs\":true,\"shell\":false,\"port\":9399}"}}
[info] i  dataconnect: Data Connect Emulator logging to dataconnect-debug.log {"metadata":{"emulator":{"name":"dataconnect"},"message":"Data Connect Emulator logging to \u001b[1mdataconnect-debug.log\u001b[22m"}}
[debug] [2026-04-14T15:34:05.397Z] I0415 00:34:05.181612   26468 load.go:31] Reloading schema and connectors...
I0415 00:34:05.390688   26468 control.go:100] [projects/emulator/locations/emulator/services/k-spirits-club-hub 3982] UpdateResources(): done
Main schema: sources: schema\schema.gql [1992B] 
Connector "example": sources: example\mutations.gql [1243B] example\queries.gql [1801B] 
 {"metadata":{"emulator":{"name":"dataconnect"},"message":"I0415 00:34:05.181612   26468 load.go:31] Reloading schema and connectors...\nI0415 00:34:05.390688   26468 control.go:100] [projects/emulator/locations/emulator/services/k-spirits-club-hub 3982] UpdateResources(): done\nMain schema: sources: schema\\schema.gql [1992B] \nConnector \"example\": sources: example\\mutations.gql [1243B] example\\queries.gql [1801B] \n"}}
[debug] [2026-04-14T15:34:05.429Z] I0415 00:34:05.422090   26468 codegen.go:101] [connector "example" javascriptSdk] Generating sources into "c:\\k-spirits-club-hub\\src\\dataconnect-generated"
 {"metadata":{"emulator":{"name":"dataconnect"},"message":"I0415 00:34:05.422090   26468 codegen.go:101] [connector \"example\" javascriptSdk] Generating sources into \"c:\\\\k-spirits-club-hub\\\\src\\\\dataconnect-generated\"\n"}}
[debug] [2026-04-14T15:34:05.500Z] I0415 00:34:05.466521   26468 codegen.go:101] [connector "example" adminSdk] Generating sources into "c:\\k-spirits-club-hub\\src\\dataconnect-admin-generated"
 {"metadata":{"emulator":{"name":"dataconnect"},"message":"I0415 00:34:05.466521   26468 codegen.go:101] [connector \"example\" adminSdk] Generating sources into \"c:\\\\k-spirits-club-hub\\\\src\\\\dataconnect-admin-generated\"\n"}}
[debug] [2026-04-14T15:34:05.520Z] <<< [apiv2][status] GET https://firebase.googleapis.com/v1beta1/projects 200
[debug] [2026-04-14T15:34:05.521Z] <<< [apiv2][body] GET https://firebase.googleapis.com/v1beta1/projects [omitted]
[debug] [2026-04-14T15:34:05.567Z] I0415 00:34:05.567331   26468 collector.go:107] schema extensions wrote into "c:\\k-spirits-club-hub\\dataconnect\\.dataconnect\\schema"
Generated sources: main\relation.gql [14318B] main\query.gql [5099B] main\mutation.gql [13679B] main\implicit.gql [1261B] prelude.gql [80888B] main\input.gql [28927B] 
 {"metadata":{"emulator":{"name":"dataconnect"},"message":"I0415 00:34:05.567331   26468 collector.go:107] schema extensions wrote into \"c:\\\\k-spirits-club-hub\\\\dataconnect\\\\.dataconnect\\\\schema\"\nGenerated sources: main\\relation.gql [14318B] main\\query.gql [5099B] main\\mutation.gql [13679B] main\\implicit.gql [1261B] prelude.gql [80888B] main\\input.gql [28927B] \n"}}
[debug] [2026-04-14T15:34:05.694Z] I0415 00:34:05.694972   26468 collector.go:107] connector "example" javascriptSdk wrote into "c:\\k-spirits-club-hub\\src\\dataconnect-generated"
Generated sources: .guides/setup.md [1682B] esm\index.esm.js [5276B] esm\package.json [17B] index.cjs.js [5820B] README.md [41235B] react\index.d.ts [3961B] react\index.cjs.js [3439B] index.d.ts [8426B] react\README.md [48299B] .guides/config.json [236B] react\package.json [460B] react\esm\package.json [17B] package.json [853B] react\esm\index.esm.js [3269B] .guides/usage.md [3489B] 
 {"metadata":{"emulator":{"name":"dataconnect"},"message":"I0415 00:34:05.694972   26468 collector.go:107] connector \"example\" javascriptSdk wrote into \"c:\\\\k-spirits-club-hub\\\\src\\\\dataconnect-generated\"\nGenerated sources: .guides/setup.md [1682B] esm\\index.esm.js [5276B] esm\\package.json [17B] index.cjs.js [5820B] README.md [41235B] react\\index.d.ts [3961B] react\\index.cjs.js [3439B] index.d.ts [8426B] react\\README.md [48299B] .guides/config.json [236B] react\\package.json [460B] react\\esm\\package.json [17B] package.json [853B] react\\esm\\index.esm.js [3269B] .guides/usage.md [3489B] \n"}}
[debug] [2026-04-14T15:34:05.824Z] I0415 00:34:05.799782   26468 installsdk.go:55] Package @dataconnect/generated is already installed. Skipping installation
 {"metadata":{"emulator":{"name":"dataconnect"},"message":"I0415 00:34:05.799782   26468 installsdk.go:55] Package @dataconnect/generated is already installed. Skipping installation\n"}}
[debug] [2026-04-14T15:34:05.870Z] I0415 00:34:05.867227   26468 collector.go:107] connector "example" adminSdk wrote into "c:\\k-spirits-club-hub\\src\\dataconnect-admin-generated"
Generated sources: package.json [632B] index.d.ts [7666B] esm\index.esm.js [2988B] esm\package.json [17B] index.cjs.js [3281B] 
 {"metadata":{"emulator":{"name":"dataconnect"},"message":"I0415 00:34:05.867227   26468 collector.go:107] connector \"example\" adminSdk wrote into \"c:\\\\k-spirits-club-hub\\\\src\\\\dataconnect-admin-generated\"\nGenerated sources: package.json [632B] index.d.ts [7666B] esm\\index.esm.js [2988B] esm\\package.json [17B] index.cjs.js [3281B] \n"}}
[debug] [2026-04-14T15:34:05.918Z] I0415 00:34:05.888493   26468 installsdk.go:55] Package @dataconnect/admin-generated is already installed. Skipping installation
I0415 00:34:05.888493   26468 load.go:109] Finished reloading
 {"metadata":{"emulator":{"name":"dataconnect"},"message":"I0415 00:34:05.888493   26468 installsdk.go:55] Package @dataconnect/admin-generated is already installed. Skipping installation\nI0415 00:34:05.888493   26468 load.go:109] Finished reloading\n"}}
[debug] [2026-04-14T15:34:06.041Z] I0415 00:34:05.960637   26468 dev.go:104] Listening on address (HTTP + gRPC): 127.0.0.1:50001
 {"metadata":{"emulator":{"name":"dataconnect"},"message":"I0415 00:34:05.960637   26468 dev.go:104] Listening on address (HTTP + gRPC): 127.0.0.1:50001\n"}}
[debug] [2026-04-14T15:34:06.189Z] I0415 00:34:06.189268   26468 engine.go:209] [projects/emulator/locations/emulator/services/k-spirits-club-hub 3982] ExecuteGraphqlRead query IntrospectionQuery: succeeded. 
 {"metadata":{"emulator":{"name":"dataconnect"},"message":"I0415 00:34:06.189268   26468 engine.go:209] [projects/emulator/locations/emulator/services/k-spirits-club-hub 3982] ExecuteGraphqlRead query IntrospectionQuery: succeeded. \n"}}
[debug] [2026-04-18T02:57:21.072Z] [Firebase Plugin] Activating Firebase extension.
[debug] [2026-04-18T02:57:28.258Z] [Firebase Plugin] requireAuthWrapper
[debug] [2026-04-18T02:57:28.262Z] > command requires scopes: ["email","openid","https://www.googleapis.com/auth/cloudplatformprojects.readonly","https://www.googleapis.com/auth/firebase","https://www.googleapis.com/auth/cloud-platform"]
[debug] [2026-04-18T02:57:28.263Z] > authorizing via signed-in user (ruahn49@gmail.com)
[debug] [2026-04-18T02:57:28.270Z] Checked if tokens are valid: false, expires at: 1776184247194
[debug] [2026-04-18T02:57:28.271Z] Checked if tokens are valid: false, expires at: 1776184247194
[debug] [2026-04-18T02:57:28.273Z] > refreshing access token with scopes: []
[debug] [2026-04-18T02:57:28.277Z] >>> [apiv2][query] POST https://www.googleapis.com/oauth2/v3/token [none]
[debug] [2026-04-18T02:57:28.278Z] >>> [apiv2][body] POST https://www.googleapis.com/oauth2/v3/token [omitted]
[debug] [2026-04-18T02:57:28.306Z] [Firebase Plugin] VSCode notification server listening on port 40001
[info] [Firebase Plugin] Starting Data Connect toolkit (version 3.3.1) on port 50001
[debug] [2026-04-18T02:57:31.682Z] I0418 11:57:31.594289   12368 control.go:100] [projects/emulator/locations/emulator/services/k-spirits-club-hub 8395] UpdateResources(): done
Main schema: sources: schema\schema.gql [1992B] 
Connector "example": sources: example\mutations.gql [1243B] example\queries.gql [1801B] 
 {"metadata":{"emulator":{"name":"dataconnect"},"message":"I0418 11:57:31.594289   12368 control.go:100] [projects/emulator/locations/emulator/services/k-spirits-club-hub 8395] UpdateResources(): done\nMain schema: sources: schema\\schema.gql [1992B] \nConnector \"example\": sources: example\\mutations.gql [1243B] example\\queries.gql [1801B] \n"}}
[debug] [2026-04-18T02:57:31.685Z] Ignoring unsupported arg: auto_download {"metadata":{"emulator":{"name":"dataconnect"},"message":"Ignoring unsupported arg: auto_download"}}
[debug] [2026-04-18T02:57:31.685Z] Ignoring unsupported arg: port {"metadata":{"emulator":{"name":"dataconnect"},"message":"Ignoring unsupported arg: port"}}
[debug] [2026-04-18T02:57:31.686Z] Starting Data Connect Emulator with command {"binary":"C:\\Users\\CHOI JUN YEONG\\.cache\\firebase\\emulators\\dataconnect-emulator-3.3.1.exe","args":["--logtostderr","-v=2","dev","--listen=localhost:50001","--config_dir=c:\\k-spirits-club-hub\\dataconnect","--enable_output_schema_extensions=true","--enable_output_generated_sdk=true"],"optionalArgs":["listen","config_dir","enable_output_schema_extensions","enable_output_generated_sdk"],"joinArgs":true,"shell":false,"port":9399} {"metadata":{"emulator":{"name":"dataconnect"},"message":"Starting Data Connect Emulator with command {\"binary\":\"C:\\\\Users\\\\CHOI JUN YEONG\\\\.cache\\\\firebase\\\\emulators\\\\dataconnect-emulator-3.3.1.exe\",\"args\":[\"--logtostderr\",\"-v=2\",\"dev\",\"--listen=localhost:50001\",\"--config_dir=c:\\\\k-spirits-club-hub\\\\dataconnect\",\"--enable_output_schema_extensions=true\",\"--enable_output_generated_sdk=true\"],\"optionalArgs\":[\"listen\",\"config_dir\",\"enable_output_schema_extensions\",\"enable_output_generated_sdk\"],\"joinArgs\":true,\"shell\":false,\"port\":9399}"}}
[info] i  dataconnect: Data Connect Emulator logging to dataconnect-debug.log {"metadata":{"emulator":{"name":"dataconnect"},"message":"Data Connect Emulator logging to \u001b[1mdataconnect-debug.log\u001b[22m"}}
[debug] [2026-04-18T02:57:32.166Z] I0418 11:57:31.908876   27068 load.go:31] Reloading schema and connectors...
 {"metadata":{"emulator":{"name":"dataconnect"},"message":"I0418 11:57:31.908876   27068 load.go:31] Reloading schema and connectors...\n"}}
[debug] [2026-04-18T02:57:32.268Z] I0418 11:57:32.202557   27068 control.go:100] [projects/emulator/locations/emulator/services/k-spirits-club-hub e958] UpdateResources(): done
Main schema: sources: schema\schema.gql [1992B] 
Connector "example": sources: example\mutations.gql [1243B] example\queries.gql [1801B] 
I0418 11:57:32.247438   27068 codegen.go:101] [connector "example" javascriptSdk] Generating sources into "c:\\k-spirits-club-hub\\src\\dataconnect-generated"
 {"metadata":{"emulator":{"name":"dataconnect"},"message":"I0418 11:57:32.202557   27068 control.go:100] [projects/emulator/locations/emulator/services/k-spirits-club-hub e958] UpdateResources(): done\nMain schema: sources: schema\\schema.gql [1992B] \nConnector \"example\": sources: example\\mutations.gql [1243B] example\\queries.gql [1801B] \nI0418 11:57:32.247438   27068 codegen.go:101] [connector \"example\" javascriptSdk] Generating sources into \"c:\\\\k-spirits-club-hub\\\\src\\\\dataconnect-generated\"\n"}}
[debug] [2026-04-18T02:57:32.279Z] <<< [apiv2][status] POST https://www.googleapis.com/oauth2/v3/token 200
[debug] [2026-04-18T02:57:32.280Z] <<< [apiv2][body] POST https://www.googleapis.com/oauth2/v3/token [omitted]
[debug] [2026-04-18T02:57:32.406Z] [Firebase Plugin] User found:  ruahn49@gmail.com
[info] [Firebase Plugin] (Core:Project) New user detected, fetching projects
[debug] [2026-04-18T02:57:32.447Z] Checked if tokens are valid: true, expires at: 1776484651280
[debug] [2026-04-18T02:57:32.460Z] >>> [apiv2][query] GET https://firebase.googleapis.com/v1beta1/projects pageSize=1000
[debug] [2026-04-18T02:57:32.502Z] I0418 11:57:32.278938   27068 codegen.go:101] [connector "example" adminSdk] Generating sources into "c:\\k-spirits-club-hub\\src\\dataconnect-admin-generated"
I0418 11:57:32.324575   27068 collector.go:107] schema extensions wrote into "c:\\k-spirits-club-hub\\dataconnect\\.dataconnect\\schema"
Generated sources: prelude.gql [80888B] main\mutation.gql [13679B] main\implicit.gql [1261B] main\input.gql [28927B] main\relation.gql [14318B] main\query.gql [5099B] 
I0418 11:57:32.395494   27068 collector.go:107] connector "example" javascriptSdk wrote into "c:\\k-spirits-club-hub\\src\\dataconnect-generated"
Generated sources: index.d.ts [8426B] esm\index.esm.js [5276B] esm\package.json [17B] package.json [853B] README.md [41235B] react\index.cjs.js [3439B] react\esm\index.esm.js [3269B] react\README.md [48299B] .guides/setup.md [1682B] .guides/config.json [236B] index.cjs.js [5820B] react\index.d.ts [3961B] react\esm\package.json [17B] .guides/usage.md [3489B] react\package.json [460B] 
I0418 11:57:32.486175   27068 installsdk.go:55] Package @dataconnect/generated is already installed. Skipping installation
I0418 11:57:32.492514   27068 collector.go:107] connector "example" adminSdk wrote into "c:\\k-spirits-club-hub\\src\\dataconnect-admin-generated"
Generated sources: index.d.ts [7666B] esm\index.esm.js [2988B] esm\package.json [17B] index.cjs.js [3281B] package.json [632B] 
 {"metadata":{"emulator":{"name":"dataconnect"},"message":"I0418 11:57:32.278938   27068 codegen.go:101] [connector \"example\" adminSdk] Generating sources into \"c:\\\\k-spirits-club-hub\\\\src\\\\dataconnect-admin-generated\"\nI0418 11:57:32.324575   27068 collector.go:107] schema extensions wrote into \"c:\\\\k-spirits-club-hub\\\\dataconnect\\\\.dataconnect\\\\schema\"\nGenerated sources: prelude.gql [80888B] main\\mutation.gql [13679B] main\\implicit.gql [1261B] main\\input.gql [28927B] main\\relation.gql [14318B] main\\query.gql [5099B] \nI0418 11:57:32.395494   27068 collector.go:107] connector \"example\" javascriptSdk wrote into \"c:\\\\k-spirits-club-hub\\\\src\\\\dataconnect-generated\"\nGenerated sources: index.d.ts [8426B] esm\\index.esm.js [5276B] esm\\package.json [17B] package.json [853B] README.md [41235B] react\\index.cjs.js [3439B] react\\esm\\index.esm.js [3269B] react\\README.md [48299B] .guides/setup.md [1682B] .guides/config.json [236B] index.cjs.js [5820B] react\\index.d.ts [3961B] react\\esm\\package.json [17B] .guides/usage.md [3489B] react\\package.json [460B] \nI0418 11:57:32.486175   27068 installsdk.go:55] Package @dataconnect/generated is already installed. Skipping installation\nI0418 11:57:32.492514   27068 collector.go:107] connector \"example\" adminSdk wrote into \"c:\\\\k-spirits-club-hub\\\\src\\\\dataconnect-admin-generated\"\nGenerated sources: index.d.ts [7666B] esm\\index.esm.js [2988B] esm\\package.json [17B] index.cjs.js [3281B] package.json [632B] \n"}}
[debug] [2026-04-18T02:57:32.844Z] I0418 11:57:32.507567   27068 installsdk.go:55] Package @dataconnect/admin-generated is already installed. Skipping installation
I0418 11:57:32.508375   27068 load.go:109] Finished reloading
I0418 11:57:32.572318   27068 dev.go:104] Listening on address (HTTP + gRPC): 127.0.0.1:50001
 {"metadata":{"emulator":{"name":"dataconnect"},"message":"I0418 11:57:32.507567   27068 installsdk.go:55] Package @dataconnect/admin-generated is already installed. Skipping installation\nI0418 11:57:32.508375   27068 load.go:109] Finished reloading\nI0418 11:57:32.572318   27068 dev.go:104] Listening on address (HTTP + gRPC): 127.0.0.1:50001\n"}}
[debug] [2026-04-18T02:57:34.539Z] I0418 11:57:33.695490   27068 engine.go:209] [projects/emulator/locations/emulator/services/k-spirits-club-hub e958] ExecuteGraphqlRead query IntrospectionQuery: succeeded. 
 {"metadata":{"emulator":{"name":"dataconnect"},"message":"I0418 11:57:33.695490   27068 engine.go:209] [projects/emulator/locations/emulator/services/k-spirits-club-hub e958] ExecuteGraphqlRead query IntrospectionQuery: succeeded. \n"}}
[debug] [2026-04-18T02:57:35.721Z] <<< [apiv2][status] GET https://firebase.googleapis.com/v1beta1/projects 200
[debug] [2026-04-18T02:57:35.724Z] <<< [apiv2][body] GET https://firebase.googleapis.com/v1beta1/projects [omitted]
[info] [Firebase Plugin] Stopping Data Connect toolkit
[warn] !  Data Connect Emulator has exited upon receiving signal: SIGINT 
[debug] [2026-04-18T03:03:20.064Z] [Firebase Plugin] Activating Firebase extension.
[debug] [2026-04-18T03:03:27.565Z] [Firebase Plugin] requireAuthWrapper
[debug] [2026-04-18T03:03:27.568Z] > command requires scopes: ["email","openid","https://www.googleapis.com/auth/cloudplatformprojects.readonly","https://www.googleapis.com/auth/firebase","https://www.googleapis.com/auth/cloud-platform"]
[debug] [2026-04-18T03:03:27.568Z] > authorizing via signed-in user (ruahn49@gmail.com)
[debug] [2026-04-18T03:03:27.572Z] Checked if tokens are valid: true, expires at: 1776484651280
[debug] [2026-04-18T03:03:27.573Z] Checked if tokens are valid: true, expires at: 1776484651280
[debug] [2026-04-18T03:03:27.573Z] [Firebase Plugin] User found:  ruahn49@gmail.com
[info] [Firebase Plugin] (Core:Project) New user detected, fetching projects
[debug] [2026-04-18T03:03:27.575Z] Checked if tokens are valid: true, expires at: 1776484651280
[debug] [2026-04-18T03:03:27.578Z] >>> [apiv2][query] GET https://firebase.googleapis.com/v1beta1/projects pageSize=1000
[debug] [2026-04-18T03:03:27.591Z] [Firebase Plugin] VSCode notification server listening on port 40001
[info] [Firebase Plugin] Starting SQL Connect toolkit (version 3.4.5) on port 50001
[info] i  dataconnect: downloading dataconnect-emulator-3.4.5.exe... {"metadata":{"emulator":{"name":"dataconnect"},"message":"downloading dataconnect-emulator-3.4.5.exe..."}}
[debug] [2026-04-18T03:03:29.421Z] >>> [apiv2][query] GET https://storage.googleapis.com/firemat-preview-drop/emulator/dataconnect-emulator-windows-amd64-v3.4.5 
[debug] [2026-04-18T03:03:29.440Z] [Firebase Plugin] Value of process.env.MONOSPACE_ENV: undefined
[debug] [2026-04-18T03:03:29.441Z] [Firebase Plugin] requireAuthWrapper
[debug] [2026-04-18T03:03:29.442Z] > command requires scopes: ["email","openid","https://www.googleapis.com/auth/cloudplatformprojects.readonly","https://www.googleapis.com/auth/firebase","https://www.googleapis.com/auth/cloud-platform"]
[debug] [2026-04-18T03:03:29.443Z] > authorizing via signed-in user (ruahn49@gmail.com)
[debug] [2026-04-18T03:03:29.444Z] Checked if tokens are valid: true, expires at: 1776484651280
[debug] [2026-04-18T03:03:29.444Z] [Firebase Plugin] User found:  ruahn49@gmail.com
[info] [Firebase Plugin] (Core:Project) New user detected, fetching projects
[debug] [2026-04-18T03:03:29.446Z] Checked if tokens are valid: true, expires at: 1776484651280
[debug] [2026-04-18T03:03:29.446Z] >>> [apiv2][query] GET https://firebase.googleapis.com/v1beta1/projects pageSize=1000
[debug] [2026-04-18T03:03:29.456Z] [Firebase Plugin] Value of process.env.MONOSPACE_ENV: undefined
[debug] [2026-04-18T03:03:29.456Z] [Firebase Plugin] requireAuthWrapper
[debug] [2026-04-18T03:03:29.458Z] > command requires scopes: ["email","openid","https://www.googleapis.com/auth/cloudplatformprojects.readonly","https://www.googleapis.com/auth/firebase","https://www.googleapis.com/auth/cloud-platform"]
[debug] [2026-04-18T03:03:29.458Z] > authorizing via signed-in user (ruahn49@gmail.com)
[debug] [2026-04-18T03:03:29.458Z] Checked if tokens are valid: true, expires at: 1776484651280
[debug] [2026-04-18T03:03:29.459Z] [Firebase Plugin] User found:  ruahn49@gmail.com
[info] [Firebase Plugin] (Core:Project) New user detected, fetching projects
[debug] [2026-04-18T03:03:29.461Z] Checked if tokens are valid: true, expires at: 1776484651280
[debug] [2026-04-18T03:03:29.461Z] >>> [apiv2][query] GET https://firebase.googleapis.com/v1beta1/projects pageSize=1000
[debug] [2026-04-18T03:03:29.608Z] <<< [apiv2][status] GET https://firebase.googleapis.com/v1beta1/projects 200
[debug] [2026-04-18T03:03:29.608Z] <<< [apiv2][body] GET https://firebase.googleapis.com/v1beta1/projects [omitted]
[debug] [2026-04-18T03:03:29.882Z] <<< [apiv2][status] GET https://storage.googleapis.com/firemat-preview-drop/emulator/dataconnect-emulator-windows-amd64-v3.4.5 200
[debug] [2026-04-18T03:03:29.883Z] <<< [apiv2][body] GET https://storage.googleapis.com/firemat-preview-drop/emulator/dataconnect-emulator-windows-amd64-v3.4.5 [stream]
[debug] [2026-04-18T03:03:30.579Z] <<< [apiv2][status] GET https://firebase.googleapis.com/v1beta1/projects 200
[debug] [2026-04-18T03:03:30.581Z] <<< [apiv2][body] GET https://firebase.googleapis.com/v1beta1/projects [omitted]
[debug] [2026-04-18T03:03:30.588Z] <<< [apiv2][status] GET https://firebase.googleapis.com/v1beta1/projects 200
[debug] [2026-04-18T03:03:30.589Z] <<< [apiv2][body] GET https://firebase.googleapis.com/v1beta1/projects [omitted]
[info] i  dataconnect: Removing outdated emulator files: dataconnect-emulator-3.3.1.exe {"metadata":{"emulator":{"name":"dataconnect"},"message":"Removing outdated emulator files: dataconnect-emulator-3.3.1.exe"}}
[debug] [2026-04-18T03:03:37.458Z] I0418 12:03:37.364081   11992 control.go:100] [projects/emulator/locations/emulator/services/k-spirits-club-hub 1219] UpdateResources(): done
Main schema: sources: schema\schema.gql [1992B] 
Connector "example": sources: example\mutations.gql [1243B] example\queries.gql [1801B] 
 {"metadata":{"emulator":{"name":"dataconnect"},"message":"I0418 12:03:37.364081   11992 control.go:100] [projects/emulator/locations/emulator/services/k-spirits-club-hub 1219] UpdateResources(): done\nMain schema: sources: schema\\schema.gql [1992B] \nConnector \"example\": sources: example\\mutations.gql [1243B] example\\queries.gql [1801B] \n"}}
[debug] [2026-04-18T03:03:37.465Z] Ignoring unsupported arg: auto_download {"metadata":{"emulator":{"name":"dataconnect"},"message":"Ignoring unsupported arg: auto_download"}}
[debug] [2026-04-18T03:03:37.465Z] Ignoring unsupported arg: port {"metadata":{"emulator":{"name":"dataconnect"},"message":"Ignoring unsupported arg: port"}}
[debug] [2026-04-18T03:03:37.465Z] Starting SQL Connect Emulator with command {"binary":"C:\\Users\\CHOI JUN YEONG\\.cache\\firebase\\emulators\\dataconnect-emulator-3.4.5.exe","args":["--logtostderr","-v=2","dev","--listen=localhost:50001","--config_dir=c:\\k-spirits-club-hub\\dataconnect","--enable_output_schema_extensions=true","--enable_output_generated_sdk=true"],"optionalArgs":["listen","config_dir","enable_output_schema_extensions","enable_output_generated_sdk"],"joinArgs":true,"shell":false,"port":9399} {"metadata":{"emulator":{"name":"dataconnect"},"message":"Starting SQL Connect Emulator with command {\"binary\":\"C:\\\\Users\\\\CHOI JUN YEONG\\\\.cache\\\\firebase\\\\emulators\\\\dataconnect-emulator-3.4.5.exe\",\"args\":[\"--logtostderr\",\"-v=2\",\"dev\",\"--listen=localhost:50001\",\"--config_dir=c:\\\\k-spirits-club-hub\\\\dataconnect\",\"--enable_output_schema_extensions=true\",\"--enable_output_generated_sdk=true\"],\"optionalArgs\":[\"listen\",\"config_dir\",\"enable_output_schema_extensions\",\"enable_output_generated_sdk\"],\"joinArgs\":true,\"shell\":false,\"port\":9399}"}}
[info] i  dataconnect: SQL Connect Emulator logging to dataconnect-debug.log {"metadata":{"emulator":{"name":"dataconnect"},"message":"SQL Connect Emulator logging to \u001b[1mdataconnect-debug.log\u001b[22m"}}
[debug] [2026-04-18T03:03:37.730Z] I0418 12:03:37.653304   11660 load.go:31] Reloading schema and connectors...
 {"metadata":{"emulator":{"name":"dataconnect"},"message":"I0418 12:03:37.653304   11660 load.go:31] Reloading schema and connectors...\n"}}
[debug] [2026-04-18T03:03:37.755Z] I0418 12:03:37.766950   11660 control.go:100] [projects/emulator/locations/emulator/services/k-spirits-club-hub 1031] UpdateResources(): done
Main schema: sources: schema\schema.gql [1992B] 
Connector "example": sources: example\mutations.gql [1243B] example\queries.gql [1801B] 
 {"metadata":{"emulator":{"name":"dataconnect"},"message":"I0418 12:03:37.766950   11660 control.go:100] [projects/emulator/locations/emulator/services/k-spirits-club-hub 1031] UpdateResources(): done\nMain schema: sources: schema\\schema.gql [1992B] \nConnector \"example\": sources: example\\mutations.gql [1243B] example\\queries.gql [1801B] \n"}}
[debug] [2026-04-18T03:03:37.785Z] I0418 12:03:37.797267   11660 codegen.go:101] [connector "example" javascriptSdk] Generating sources into "c:\\k-spirits-club-hub\\src\\dataconnect-generated"
 {"metadata":{"emulator":{"name":"dataconnect"},"message":"I0418 12:03:37.797267   11660 codegen.go:101] [connector \"example\" javascriptSdk] Generating sources into \"c:\\\\k-spirits-club-hub\\\\src\\\\dataconnect-generated\"\n"}}
[debug] [2026-04-18T03:03:37.805Z] I0418 12:03:37.817506   11660 codegen.go:101] [connector "example" adminSdk] Generating sources into "c:\\k-spirits-club-hub\\src\\dataconnect-admin-generated"
 {"metadata":{"emulator":{"name":"dataconnect"},"message":"I0418 12:03:37.817506   11660 codegen.go:101] [connector \"example\" adminSdk] Generating sources into \"c:\\\\k-spirits-club-hub\\\\src\\\\dataconnect-admin-generated\"\n"}}
[debug] [2026-04-18T03:03:37.817Z] I0418 12:03:37.828886   11660 collector.go:107] schema extensions wrote into "c:\\k-spirits-club-hub\\dataconnect\\.dataconnect\\schema"
Generated sources: main\input.gql [28927B] main\relation.gql [14318B] main\query.gql [5099B] main\mutation.gql [13679B] prelude.gql [82799B] main\implicit.gql [1261B] 
 {"metadata":{"emulator":{"name":"dataconnect"},"message":"I0418 12:03:37.828886   11660 collector.go:107] schema extensions wrote into \"c:\\\\k-spirits-club-hub\\\\dataconnect\\\\.dataconnect\\\\schema\"\nGenerated sources: main\\input.gql [28927B] main\\relation.gql [14318B] main\\query.gql [5099B] main\\mutation.gql [13679B] prelude.gql [82799B] main\\implicit.gql [1261B] \n"}}
[debug] [2026-04-18T03:03:37.872Z] I0418 12:03:37.884261   11660 collector.go:107] connector "example" javascriptSdk wrote into "c:\\k-spirits-club-hub\\src\\dataconnect-generated"
Generated sources: react\esm\package.json [17B] react\README.md [48299B] package.json [853B] README.md [41235B] react\index.cjs.js [3439B] esm\package.json [17B] index.cjs.js [5820B] react\package.json [460B] .guides/usage.md [3489B] .guides/setup.md [1682B] index.d.ts [8426B] react\index.d.ts [3961B] react\esm\index.esm.js [3269B] .guides/config.json [236B] esm\index.esm.js [5276B] 
 {"metadata":{"emulator":{"name":"dataconnect"},"message":"I0418 12:03:37.884261   11660 collector.go:107] connector \"example\" javascriptSdk wrote into \"c:\\\\k-spirits-club-hub\\\\src\\\\dataconnect-generated\"\nGenerated sources: react\\esm\\package.json [17B] react\\README.md [48299B] package.json [853B] README.md [41235B] react\\index.cjs.js [3439B] esm\\package.json [17B] index.cjs.js [5820B] react\\package.json [460B] .guides/usage.md [3489B] .guides/setup.md [1682B] index.d.ts [8426B] react\\index.d.ts [3961B] react\\esm\\index.esm.js [3269B] .guides/config.json [236B] esm\\index.esm.js [5276B] \n"}}
[debug] [2026-04-18T03:03:37.943Z] I0418 12:03:37.952567   11660 installsdk.go:55] Package @dataconnect/generated is already installed. Skipping installation
 {"metadata":{"emulator":{"name":"dataconnect"},"message":"I0418 12:03:37.952567   11660 installsdk.go:55] Package @dataconnect/generated is already installed. Skipping installation\n"}}
[debug] [2026-04-18T03:03:37.977Z] I0418 12:03:37.988088   11660 collector.go:107] connector "example" adminSdk wrote into "c:\\k-spirits-club-hub\\src\\dataconnect-admin-generated"
Generated sources: package.json [632B] index.d.ts [7666B] esm\index.esm.js [2988B] esm\package.json [17B] index.cjs.js [3281B] 
 {"metadata":{"emulator":{"name":"dataconnect"},"message":"I0418 12:03:37.988088   11660 collector.go:107] connector \"example\" adminSdk wrote into \"c:\\\\k-spirits-club-hub\\\\src\\\\dataconnect-admin-generated\"\nGenerated sources: package.json [632B] index.d.ts [7666B] esm\\index.esm.js [2988B] esm\\package.json [17B] index.cjs.js [3281B] \n"}}
[debug] [2026-04-18T03:03:37.989Z] I0418 12:03:38.000499   11660 installsdk.go:55] Package @dataconnect/admin-generated is already installed. Skipping installation
I0418 12:03:38.000499   11660 load.go:109] Finished reloading
 {"metadata":{"emulator":{"name":"dataconnect"},"message":"I0418 12:03:38.000499   11660 installsdk.go:55] Package @dataconnect/admin-generated is already installed. Skipping installation\nI0418 12:03:38.000499   11660 load.go:109] Finished reloading\n"}}
[debug] [2026-04-18T03:03:38.144Z] I0418 12:03:38.155067   11660 dev.go:104] Listening on address (HTTP + gRPC): 127.0.0.1:50001
 {"metadata":{"emulator":{"name":"dataconnect"},"message":"I0418 12:03:38.155067   11660 dev.go:104] Listening on address (HTTP + gRPC): 127.0.0.1:50001\n"}}
[debug] [2026-04-18T03:03:38.292Z] I0418 12:03:38.304280   11660 engine.go:209] [projects/emulator/locations/emulator/services/k-spirits-club-hub 1031] ExecuteGraphqlRead query IntrospectionQuery: succeeded. 
 {"metadata":{"emulator":{"name":"dataconnect"},"message":"I0418 12:03:38.304280   11660 engine.go:209] [projects/emulator/locations/emulator/services/k-spirits-club-hub 1031] ExecuteGraphqlRead query IntrospectionQuery: succeeded. \n"}}
